info it worked if it ends with ok
verbose cli [ 'node', '/usr/bin/npm', 'install', 'nodemon' ]
info using npm@1.1.4
info using node@v0.6.12
verbose config file /home/cp/.npmrc
verbose config file /usr/etc/npmrc
verbose config file /usr/share/npm/npmrc
verbose caching /home/cp/workspace/page/package.json
verbose loadDefaults cpage@0.0.1
verbose caching /home/cp/workspace/page/node_modules/node-uuid/package.json
verbose loadDefaults node-uuid@1.3.3
verbose caching /home/cp/workspace/page/node_modules/sprintf/package.json
verbose loadDefaults sprintf@0.1.1
verbose caching /home/cp/workspace/page/node_modules/underscore/package.json
verbose loadDefaults underscore@1.3.1
verbose caching /home/cp/workspace/page/node_modules/stylus/package.json
verbose loadDefaults stylus@0.38.0
verbose caching /home/cp/workspace/page/node_modules/express/package.json
verbose loadDefaults express@3.2.0
verbose caching /home/cp/workspace/page/node_modules/mime/package.json
verbose loadDefaults mime@1.2.5
verbose caching /home/cp/workspace/page/node_modules/jade/package.json
verbose loadDefaults jade@0.35.0
verbose caching /home/cp/workspace/page/node_modules/MD5/package.json
verbose caching /home/cp/workspace/page/node_modules/async/package.json
verbose caching /home/cp/workspace/page/node_modules/winston/package.json
verbose loadDefaults winston@0.5.10
verbose from cache /home/cp/workspace/page/package.json
verbose readDependencies: using package.json deps
verbose cache add [ 'nodemon', null ]
silly cache add: name, spec, args [ undefined, 'nodemon', [ 'nodemon', null ] ]
verbose parsed url { pathname: 'nodemon', path: 'nodemon', href: 'nodemon' }
verbose addNamed [ 'nodemon', '' ]
verbose addNamed [ null, '' ]
silly name, range, hasData [ 'nodemon', '', false ]
verbose raw, before any munging nodemon
verbose url resolving [ 'https://registry.npmjs.org/', './nodemon' ]
verbose url resolved https://registry.npmjs.org/nodemon
verbose etag "6IGWD9XN5TX6TVMYK58WNPC8N"
http GET https://registry.npmjs.org/nodemon
silly get cb [ 304, undefined ]
verbose etag nodemon from cache
silly name, range, hasData 2 [ 'nodemon', '', true ]
silly versions [ 'nodemon',
silly versions   [ '0.1.4',
silly versions     '0.1.5',
silly versions     '0.1.6',
silly versions     '0.1.7',
silly versions     '0.1.8',
silly versions     '0.2.0',
silly versions     '0.2.1',
silly versions     '0.2.2',
silly versions     '0.3.0',
silly versions     '0.3.1',
silly versions     '0.3.2',
silly versions     '0.4.0',
silly versions     '0.4.1',
silly versions     '0.5.0',
silly versions     '0.5.1',
silly versions     '0.5.2',
silly versions     '0.5.3',
silly versions     '0.5.4',
silly versions     '0.5.5',
silly versions     '0.5.6',
silly versions     '0.5.7',
silly versions     '0.6.0',
silly versions     '0.6.1',
silly versions     '0.6.2',
silly versions     '0.6.3',
silly versions     '0.6.4',
silly versions     '0.6.5',
silly versions     '0.6.6',
silly versions     '0.6.7',
silly versions     '0.6.8',
silly versions     '0.6.9',
silly versions     '0.6.10',
silly versions     '0.6.11',
silly versions     '0.6.12',
silly versions     '0.6.13',
silly versions     '0.6.14',
silly versions     '0.6.15',
silly versions     '0.6.16',
silly versions     '0.6.17',
silly versions     '0.6.18',
silly versions     '0.6.19',
silly versions     '0.6.20',
silly versions     '0.6.21',
silly versions     '0.6.22',
silly versions     '0.6.23',
silly versions     '0.7.0',
silly versions     '0.7.1',
silly versions     '0.7.2',
silly versions     '0.7.3',
silly versions     '0.7.4',
silly versions     '0.7.5',
silly versions     '0.7.6',
silly versions     '0.7.7',
silly versions     '0.7.8',
silly versions     '0.7.10',
silly versions     '0.9.0',
silly versions     '0.9.1',
silly versions     '0.9.2',
silly versions     '0.9.3',
silly versions     '0.9.5',
silly versions     '0.9.6',
silly versions     '0.9.7',
silly versions     '0.9.10',
silly versions     '0.9.11',
silly versions     '0.9.12',
silly versions     '0.9.14',
silly versions     '0.9.16',
silly versions     '0.9.17',
silly versions     '1.0.0',
silly versions     '1.0.1',
silly versions     '1.0.2',
silly versions     '1.0.2-rc',
silly versions     '0.6.10-a',
silly versions     '1.0.2-rc3',
silly versions     '1.0.2-rc4' ] ]
verbose bin dist [ '0.6-ares1.7.5-evundefined-openssl1.0.1-v83.7.12.22-linux-ia32-3.5.0-37-generic',
verbose bin dist   { shasum: '0b69324abfadae00d1976150b3d8722e6516f47f',
verbose bin dist     tarball: 'http://registry.npmjs.org/nodemon/-/nodemon-1.0.1.tgz' } ]
verbose caching /home/cp/.npm/nodemon/1.0.1/package/package.json
verbose loadDefaults nodemon@1.0.1
silly resolved [ { name: 'nodemon',
silly resolved     homepage: 'http://github.com/remy/nodemon',
silly resolved     author: { name: 'Remy Sharp', url: 'http://github.com/remy' },
silly resolved     bin: { nodemon: './bin/nodemon.js' },
silly resolved     repository: { type: 'git', url: 'git://github.com/remy/nodemon.git' },
silly resolved     description: 'Simple monitor script for use during development of a node.js app.',
silly resolved     keywords: 
silly resolved      [ 'monitor',
silly resolved        'development',
silly resolved        'restart',
silly resolved        'autoload',
silly resolved        'reload',
silly resolved        'terminal' ],
silly resolved     version: '1.0.1',
silly resolved     preferGlobal: 'true',
silly resolved     licenses: [ { type: 'MIT', url: 'http://rem.mit-license.org' } ],
silly resolved     main: './lib/nodemon',
silly resolved     scripts: 
silly resolved      { coverage: 'istanbul cover _mocha -- --timeout 15000 --ui bdd --reporter list test/**/*.test.js',
silly resolved        test: 'node_modules/mocha/bin/_mocha --timeout 15000 --ui bdd --reporter list test/**/*.test.js',
silly resolved        web: 'node web' },
silly resolved     devDependencies: 
silly resolved      { connect: '*',
silly resolved        mocha: '~1.12.0',
silly resolved        should: '~1.2.2',
silly resolved        istanbul: '~0.1.44',
silly resolved        touch: '0.0.2' },
silly resolved     dependencies: { 'update-notifier': '~0.1.7' },
silly resolved     _id: 'nodemon@1.0.1',
silly resolved     optionalDependencies: {},
silly resolved     engines: { node: '*' },
silly resolved     _engineSupported: true,
silly resolved     _npmVersion: '1.1.4',
silly resolved     _nodeVersion: 'v0.6.12',
silly resolved     _defaultsLoaded: true,
silly resolved     _from: 'nodemon' } ]
info into /home/cp/workspace/page nodemon@1.0.1
info installOne nodemon@1.0.1
verbose from cache /home/cp/.npm/nodemon/1.0.1/package/package.json
info unbuild /home/cp/workspace/page/node_modules/nodemon
verbose mkdir (expected) error ENOENT, no such file or directory '/home/cp/workspace/page/node_modules/___nodemon.npm'
verbose mkdir done: /home/cp/workspace/page/node_modules/___nodemon.npm 755
verbose unpack_ uid, gid [ undefined, undefined ]
verbose unpackTarget /home/cp/workspace/page/node_modules/nodemon
silly gunzTarPerm modes [ '755', '644' ]
silly afterUntar ok
silly asyncMap in gTP /home/cp/workspace/page/node_modules/___nodemon.npm/package
silly asyncMap in gTP /home/cp/workspace/page/node_modules/___nodemon.npm/package/.jshintrc
silly asyncMap in gTP /home/cp/workspace/page/node_modules/___nodemon.npm/package/package.json
silly asyncMap in gTP /home/cp/workspace/page/node_modules/___nodemon.npm/package/faq.md
silly asyncMap in gTP /home/cp/workspace/page/node_modules/___nodemon.npm/package/README.md
silly asyncMap in gTP /home/cp/workspace/page/node_modules/___nodemon.npm/package/CONTRIBUTING.md
silly asyncMap in gTP /home/cp/workspace/page/node_modules/___nodemon.npm/package/.npmignore
silly asyncMap in gTP /home/cp/workspace/page/node_modules/___nodemon.npm/package/.travis.yml
silly asyncMap in gTP /home/cp/workspace/page/node_modules/___nodemon.npm/package/web
silly asyncMap in gTP /home/cp/workspace/page/node_modules/___nodemon.npm/package/web/index.js
silly asyncMap in gTP /home/cp/workspace/page/node_modules/___nodemon.npm/package/web/index.html
silly asyncMap in gTP /home/cp/workspace/page/node_modules/___nodemon.npm/package/tmp
silly asyncMap in gTP /home/cp/workspace/page/node_modules/___nodemon.npm/package/tmp/213.coffee
silly asyncMap in gTP /home/cp/workspace/page/node_modules/___nodemon.npm/package/bin
silly asyncMap in gTP /home/cp/workspace/page/node_modules/___nodemon.npm/package/bin/nodemon.js
silly asyncMap in gTP /home/cp/workspace/page/node_modules/___nodemon.npm/package/lib
silly asyncMap in gTP /home/cp/workspace/page/node_modules/___nodemon.npm/package/lib/index.js
silly asyncMap in gTP /home/cp/workspace/page/node_modules/___nodemon.npm/package/lib/nodemon.js
silly asyncMap in gTP /home/cp/workspace/page/node_modules/___nodemon.npm/package/lib/version.js
silly asyncMap in gTP /home/cp/workspace/page/node_modules/___nodemon.npm/package/lib/utils
silly asyncMap in gTP /home/cp/workspace/page/node_modules/___nodemon.npm/package/lib/utils/log.js
silly asyncMap in gTP /home/cp/workspace/page/node_modules/___nodemon.npm/package/lib/utils/index.js
silly asyncMap in gTP /home/cp/workspace/page/node_modules/___nodemon.npm/package/lib/utils/colour.js
silly asyncMap in gTP /home/cp/workspace/page/node_modules/___nodemon.npm/package/lib/utils/bus.js
silly asyncMap in gTP /home/cp/workspace/page/node_modules/___nodemon.npm/package/lib/utils/merge.js
silly asyncMap in gTP /home/cp/workspace/page/node_modules/___nodemon.npm/package/lib/utils/clone.js
silly asyncMap in gTP /home/cp/workspace/page/node_modules/___nodemon.npm/package/lib/cli
silly asyncMap in gTP /home/cp/workspace/page/node_modules/___nodemon.npm/package/lib/cli/index.js
silly asyncMap in gTP /home/cp/workspace/page/node_modules/___nodemon.npm/package/lib/cli/parse.js
silly asyncMap in gTP /home/cp/workspace/page/node_modules/___nodemon.npm/package/lib/help
silly asyncMap in gTP /home/cp/workspace/page/node_modules/___nodemon.npm/package/lib/help/index.js
silly asyncMap in gTP /home/cp/workspace/page/node_modules/___nodemon.npm/package/lib/monitor
silly asyncMap in gTP /home/cp/workspace/page/node_modules/___nodemon.npm/package/lib/monitor/index.js
silly asyncMap in gTP /home/cp/workspace/page/node_modules/___nodemon.npm/package/lib/monitor/run.js
silly asyncMap in gTP /home/cp/workspace/page/node_modules/___nodemon.npm/package/lib/monitor/watch.js
silly asyncMap in gTP /home/cp/workspace/page/node_modules/___nodemon.npm/package/lib/monitor/changed-since.js
silly asyncMap in gTP /home/cp/workspace/page/node_modules/___nodemon.npm/package/lib/config
silly asyncMap in gTP /home/cp/workspace/page/node_modules/___nodemon.npm/package/lib/config/watchable.js
silly asyncMap in gTP /home/cp/workspace/page/node_modules/___nodemon.npm/package/lib/config/index.js
silly asyncMap in gTP /home/cp/workspace/page/node_modules/___nodemon.npm/package/lib/config/checkWatchSupport.js
silly asyncMap in gTP /home/cp/workspace/page/node_modules/___nodemon.npm/package/lib/config/exec.js
silly asyncMap in gTP /home/cp/workspace/page/node_modules/___nodemon.npm/package/lib/config/defaults.js
silly asyncMap in gTP /home/cp/workspace/page/node_modules/___nodemon.npm/package/lib/config/load.js
silly asyncMap in gTP /home/cp/workspace/page/node_modules/___nodemon.npm/package/lib/rules
silly asyncMap in gTP /home/cp/workspace/page/node_modules/___nodemon.npm/package/lib/rules/index.js
silly asyncMap in gTP /home/cp/workspace/page/node_modules/___nodemon.npm/package/lib/rules/add.js
silly asyncMap in gTP /home/cp/workspace/page/node_modules/___nodemon.npm/package/lib/rules/parse.js
silly asyncMap in gTP /home/cp/workspace/page/node_modules/___nodemon.npm/package/doc
silly asyncMap in gTP /home/cp/workspace/page/node_modules/___nodemon.npm/package/doc/events.md
silly asyncMap in gTP /home/cp/workspace/page/node_modules/___nodemon.npm/package/doc/sample-nodemon.md
silly asyncMap in gTP /home/cp/workspace/page/node_modules/___nodemon.npm/package/doc/requireable.md
silly asyncMap in gTP /home/cp/workspace/page/node_modules/___nodemon.npm/package/doc/arch.md
silly asyncMap in gTP /home/cp/workspace/page/node_modules/___nodemon.npm/package/doc/cli
silly asyncMap in gTP /home/cp/workspace/page/node_modules/___nodemon.npm/package/doc/cli/config.txt
silly asyncMap in gTP /home/cp/workspace/page/node_modules/___nodemon.npm/package/doc/cli/help.txt
silly asyncMap in gTP /home/cp/workspace/page/node_modules/___nodemon.npm/package/doc/cli/logo.txt
silly asyncMap in gTP /home/cp/workspace/page/node_modules/___nodemon.npm/package/doc/cli/whoami.txt
silly asyncMap in gTP /home/cp/workspace/page/node_modules/___nodemon.npm/package/doc/cli/authors.txt
silly asyncMap in gTP /home/cp/workspace/page/node_modules/___nodemon.npm/package/doc/cli/topics.txt
silly chmod package 755
silly chmod web 755
silly chmod tmp 755
silly chmod bin 755
silly chmod lib 755
silly chmod utils 755
silly chmod cli 755
silly chmod help 755
silly chmod monitor 755
silly chmod config 755
silly chmod rules 755
silly chmod doc 755
silly chmod cli 755
verbose gunzed /home/cp/workspace/page/node_modules/___nodemon.npm/package
verbose rm'ed /home/cp/workspace/page/node_modules/nodemon
verbose renamed [ '/home/cp/workspace/page/node_modules/___nodemon.npm/package',
verbose renamed   '/home/cp/workspace/page/node_modules/nodemon' ]
verbose caching /home/cp/workspace/page/node_modules/nodemon/package.json
verbose loadDefaults nodemon@1.0.1
info preinstall nodemon@1.0.1
verbose from cache /home/cp/workspace/page/node_modules/nodemon/package.json
verbose readDependencies: using package.json deps
verbose from cache /home/cp/workspace/page/node_modules/nodemon/package.json
verbose readDependencies: using package.json deps
verbose cache add [ 'update-notifier@~0.1.7', null ]
silly cache add: name, spec, args [ undefined,
silly cache add: name, spec, args   'update-notifier@~0.1.7',
silly cache add: name, spec, args   [ 'update-notifier@~0.1.7', null ] ]
verbose parsed url { pathname: 'update-notifier@~0.1.7',
verbose parsed url   path: 'update-notifier@~0.1.7',
verbose parsed url   href: 'update-notifier@~0.1.7' }
silly cache add: name, spec, args [ 'update-notifier', '~0.1.7', [ 'update-notifier', '~0.1.7' ] ]
verbose parsed url { pathname: '~0.1.7', path: '~0.1.7', href: '~0.1.7' }
verbose addNamed [ 'update-notifier', '~0.1.7' ]
verbose addNamed [ null, '>=0.1.7- <0.2.0-' ]
silly name, range, hasData [ 'update-notifier', '>=0.1.7- <0.2.0-', false ]
verbose raw, before any munging update-notifier
verbose url resolving [ 'https://registry.npmjs.org/', './update-notifier' ]
verbose url resolved https://registry.npmjs.org/update-notifier
verbose etag "32IOKNF376JZV8DPUSWWQ0GXY"
http GET https://registry.npmjs.org/update-notifier
silly get cb [ 304, undefined ]
verbose etag update-notifier from cache
silly name, range, hasData 2 [ 'update-notifier', '>=0.1.7- <0.2.0-', true ]
silly versions [ 'update-notifier', [] ]
verbose about to build /home/cp/workspace/page/node_modules/nodemon
ERR! error installing nodemon@1.0.1
info unbuild /home/cp/workspace/page/node_modules/nodemon
verbose from cache /home/cp/workspace/page/node_modules/nodemon/package.json
info preuninstall nodemon@1.0.1
info uninstall nodemon@1.0.1
verbose unbuild nodemon@1.0.1 [ true,
verbose unbuild nodemon@1.0.1   '/home/cp/workspace/page/node_modules',
verbose unbuild nodemon@1.0.1   '/home/cp/workspace/page/node_modules' ]
verbose binRoot [ '/home/cp/workspace/page/node_modules/.bin',
verbose binRoot   { nodemon: './bin/nodemon.js' } ]
info postuninstall nodemon@1.0.1
verbose installOne cb nodemon@1.0.1
ERR! Error: No compatible version found: update-notifier@'>=0.1.7- <0.2.0-'
ERR! No valid targets found.
ERR! Perhaps not compatible with your version of node?
ERR!     at installTargetsError (/usr/share/npm/lib/cache.js:488:10)
ERR!     at next_ (/usr/share/npm/lib/cache.js:438:17)
ERR!     at next (/usr/share/npm/lib/cache.js:415:44)
ERR!     at /usr/share/npm/lib/cache.js:408:5
ERR!     at saved (/usr/share/npm/lib/utils/npm-registry-client/get.js:147:7)
ERR!     at Object.oncomplete (/usr/lib/nodejs/graceful-fs.js:230:7)
ERR! You may report this log at:
ERR!     <http://bugs.debian.org/npm>
ERR! or use
ERR!     reportbug --attach /home/cp/workspace/page/npm-debug.log npm
ERR! 
ERR! System Linux 3.5.0-37-generic
ERR! command "node" "/usr/bin/npm" "install" "nodemon"
ERR! cwd /home/cp/workspace/page
ERR! node -v v0.6.12
ERR! npm -v 1.1.4
ERR! message No compatible version found: update-notifier@'>=0.1.7- <0.2.0-'
ERR! message No valid targets found.
ERR! message Perhaps not compatible with your version of node?
verbose exit [ 1, true ]
